This file contains any messages produced by compilers while
running configure, to aid debugging if configure makes a mistake.

It was created by configure, which was
generated by GNU Autoconf 2.57.  Invocation command line was

  $ ./configure 

## --------- ##
## Platform. ##
## --------- ##

hostname = nodea.single.timedsdn.emulab.net
uname -m = x86_64
uname -r = 3.2.0-56-generic
uname -s = Linux
uname -v = #86-Ubuntu SMP Wed Oct 23 09:20:45 UTC 2013

/usr/bin/uname -p = unknown
/bin/uname -X     = unknown

/bin/arch              = unknown
/usr/bin/arch -k       = unknown
/usr/convex/getsysinfo = unknown
hostinfo               = unknown
/bin/machine           = unknown
/usr/bin/oslevel       = unknown
/bin/universe          = unknown

PATH: /usr/testbed/bin
PATH: /sbin
PATH: /bin
PATH: /usr/sbin
PATH: /usr/bin
PATH: /usr/games
PATH: /usr/local/sbin
PATH: /usr/local/bin
PATH: /users/talmiz/bin


## ----------- ##
## Core tests. ##
## ----------- ##

configure:1328: checking for gcc
configure:1344: found /usr/bin/gcc
configure:1354: result: gcc
configure:1598: checking for C compiler version
configure:1601: gcc --version </dev/null >&5
gcc (Ubuntu/Linaro 4.6.3-1ubuntu5) 4.6.3
Copyright (C) 2011 Free Software Foundation, Inc.
This is free software; see the source for copying conditions.  There is NO
warranty; not even for MERCHANTABILITY or FITNESS FOR A PARTICULAR PURPOSE.

configure:1604: $? = 0
configure:1606: gcc -v </dev/null >&5
Using built-in specs.
COLLECT_GCC=gcc
COLLECT_LTO_WRAPPER=/usr/lib/gcc/x86_64-linux-gnu/4.6/lto-wrapper
Target: x86_64-linux-gnu
Configured with: ../src/configure -v --with-pkgversion='Ubuntu/Linaro 4.6.3-1ubuntu5' --with-bugurl=file:///usr/share/doc/gcc-4.6/README.Bugs --enable-languages=c,c++,fortran,objc,obj-c++ --prefix=/usr --program-suffix=-4.6 --enable-shared --enable-linker-build-id --with-system-zlib --libexecdir=/usr/lib --without-included-gettext --enable-threads=posix --with-gxx-include-dir=/usr/include/c++/4.6 --libdir=/usr/lib --enable-nls --with-sysroot=/ --enable-clocale=gnu --enable-libstdcxx-debug --enable-libstdcxx-time=yes --enable-gnu-unique-object --enable-plugin --enable-objc-gc --disable-werror --with-arch-32=i686 --with-tune=generic --enable-checking=release --build=x86_64-linux-gnu --host=x86_64-linux-gnu --target=x86_64-linux-gnu
Thread model: posix
gcc version 4.6.3 (Ubuntu/Linaro 4.6.3-1ubuntu5) 
configure:1609: $? = 0
configure:1611: gcc -V </dev/null >&5
gcc: error: unrecognized option '-V'
gcc: fatal error: no input files
compilation terminated.
configure:1614: $? = 4
configure:1638: checking for C compiler default output
configure:1641: gcc    conftest.c  >&5
configure:1644: $? = 0
configure:1690: result: a.out
configure:1695: checking whether the C compiler works
configure:1701: ./a.out
configure:1704: $? = 0
configure:1721: result: yes
configure:1728: checking whether we are cross compiling
configure:1730: result: no
configure:1733: checking for suffix of executables
configure:1735: gcc -o conftest    conftest.c  >&5
configure:1738: $? = 0
configure:1763: result: 
configure:1769: checking for suffix of object files
configure:1791: gcc -c   conftest.c >&5
configure:1794: $? = 0
configure:1816: result: o
configure:1820: checking whether we are using the GNU C compiler
configure:1845: gcc -c   conftest.c >&5
configure:1848: $? = 0
configure:1851: test -s conftest.o
configure:1854: $? = 0
configure:1867: result: yes
configure:1873: checking whether gcc accepts -g
configure:1895: gcc -c -g  conftest.c >&5
configure:1898: $? = 0
configure:1901: test -s conftest.o
configure:1904: $? = 0
configure:1915: result: yes
configure:1932: checking for gcc option to accept ANSI C
configure:1993: gcc  -c   conftest.c >&5
configure:1996: $? = 0
configure:1999: test -s conftest.o
configure:2002: $? = 0
configure:2020: result: none needed
configure:2038: gcc -c   conftest.c >&5
conftest.c:2:3: error: unknown type name 'choke'
conftest.c:2:3: error: expected '=', ',', ';', 'asm' or '__attribute__' at end of input
configure:2041: $? = 1
configure: failed program was:
| #ifndef __cplusplus
|   choke me
| #endif
configure:2152: checking whether make sets $(MAKE)
configure:2172: result: yes
configure:2183: checking whether ln -s works
configure:2187: result: yes
configure:2200: checking for gawk
configure:2229: result: no
configure:2200: checking for mawk
configure:2216: found /usr/bin/mawk
configure:2226: result: mawk
configure:2279: checking for ranlib
configure:2295: found /usr/bin/ranlib
configure:2305: result: ranlib
configure:2360: checking for ld
configure:2376: found /usr/bin/ld
configure:2386: result: ld
configure:2431: checking build system type
configure:2449: result: x86_64-unknown-linux-gnu
configure:2457: checking host system type
configure:2471: result: x86_64-unknown-linux-gnu
configure:2479: checking target system type
configure:2493: result: x86_64-unknown-linux-gnu
configure:2541: checking how to run the C preprocessor
configure:2577: gcc -E  conftest.c
configure:2583: $? = 0
configure:2615: gcc -E  conftest.c
configure:2614:28: fatal error: ac_nonexistent.h: No such file or directory
compilation terminated.
configure:2621: $? = 1
configure: failed program was:
| #line 2606 "configure"
| /* confdefs.h.  */
| 
| #define PACKAGE_NAME ""
| #define PACKAGE_TARNAME ""
| #define PACKAGE_VERSION ""
| #define PACKAGE_STRING ""
| #define PACKAGE_BUGREPORT ""
| /* end confdefs.h.  */
| #include <ac_nonexistent.h>
configure:2659: result: gcc -E
configure:2684: gcc -E  conftest.c
configure:2690: $? = 0
configure:2722: gcc -E  conftest.c
configure:2721:28: fatal error: ac_nonexistent.h: No such file or directory
compilation terminated.
configure:2728: $? = 1
configure: failed program was:
| #line 2713 "configure"
| /* confdefs.h.  */
| 
| #define PACKAGE_NAME ""
| #define PACKAGE_TARNAME ""
| #define PACKAGE_VERSION ""
| #define PACKAGE_STRING ""
| #define PACKAGE_BUGREPORT ""
| /* end confdefs.h.  */
| #include <ac_nonexistent.h>
configure:2771: checking for egrep
configure:2781: result: grep -E
configure:2786: checking for ANSI C header files
configure:2812: gcc -c   conftest.c >&5
configure:2815: $? = 0
configure:2818: test -s conftest.o
configure:2821: $? = 0
configure:2913: gcc -o conftest    conftest.c  >&5
configure: In function 'main':
configure:2906:7: warning: incompatible implicit declaration of built-in function 'exit' [enabled by default]
configure:2916: $? = 0
configure:2918: ./conftest
configure:2921: $? = 0
configure:2936: result: yes
configure:2960: checking for sys/types.h
configure:2977: gcc -c   conftest.c >&5
configure:2980: $? = 0
configure:2983: test -s conftest.o
configure:2986: $? = 0
configure:2997: result: yes
configure:2960: checking for sys/stat.h
configure:2977: gcc -c   conftest.c >&5
configure:2980: $? = 0
configure:2983: test -s conftest.o
configure:2986: $? = 0
configure:2997: result: yes
configure:2960: checking for stdlib.h
configure:2977: gcc -c   conftest.c >&5
configure:2980: $? = 0
configure:2983: test -s conftest.o
configure:2986: $? = 0
configure:2997: result: yes
configure:2960: checking for string.h
configure:2977: gcc -c   conftest.c >&5
configure:2980: $? = 0
configure:2983: test -s conftest.o
configure:2986: $? = 0
configure:2997: result: yes
configure:2960: checking for memory.h
configure:2977: gcc -c   conftest.c >&5
configure:2980: $? = 0
configure:2983: test -s conftest.o
configure:2986: $? = 0
configure:2997: result: yes
configure:2960: checking for strings.h
configure:2977: gcc -c   conftest.c >&5
configure:2980: $? = 0
configure:2983: test -s conftest.o
configure:2986: $? = 0
configure:2997: result: yes
configure:2960: checking for inttypes.h
configure:2977: gcc -c   conftest.c >&5
configure:2980: $? = 0
configure:2983: test -s conftest.o
configure:2986: $? = 0
configure:2997: result: yes
configure:2960: checking for stdint.h
configure:2977: gcc -c   conftest.c >&5
configure:2980: $? = 0
configure:2983: test -s conftest.o
configure:2986: $? = 0
configure:2997: result: yes
configure:2960: checking for unistd.h
configure:2977: gcc -c   conftest.c >&5
configure:2980: $? = 0
configure:2983: test -s conftest.o
configure:2986: $? = 0
configure:2997: result: yes
configure:3009: checking for tigetstr in -lcurses
configure:3040: gcc -o conftest    conftest.c -lcurses   >&5
configure:3043: $? = 0
configure:3046: test -s conftest
configure:3049: $? = 0
configure:3061: result: yes
configure:3356: checking curses.h usability
configure:3369: gcc -c   conftest.c >&5
configure:3372: $? = 0
configure:3375: test -s conftest.o
configure:3378: $? = 0
configure:3388: result: yes
configure:3392: checking curses.h presence
configure:3403: gcc -E  conftest.c
configure:3409: $? = 0
configure:3428: result: yes
configure:3464: checking for curses.h
configure:3471: result: yes
configure:3483: checking for term.h
configure:3500: gcc -c   conftest.c >&5
configure:3503: $? = 0
configure:3506: test -s conftest.o
configure:3509: $? = 0
configure:3520: result: yes
configure:3735: checking for reentrant functions
configure:3770: gcc -o conftest  -D_POSIX_C_SOURCE=199506L   conftest.c  -lcurses >&5
configure:3773: $? = 0
configure:3776: test -s conftest
configure:3779: $? = 0
configure:3792: result: yes
configure:3811: checking sys/select.h usability
configure:3824: gcc -c   conftest.c >&5
configure:3827: $? = 0
configure:3830: test -s conftest.o
configure:3833: $? = 0
configure:3843: result: yes
configure:3847: checking sys/select.h presence
configure:3858: gcc -E  conftest.c
configure:3864: $? = 0
configure:3883: result: yes
configure:3919: checking for sys/select.h
configure:3926: result: yes
configure:3940: checking for select system call
configure:3976: gcc -o conftest    conftest.c  -lcurses >&5
configure:3979: $? = 0
configure:3982: test -s conftest
configure:3985: $? = 0
configure:3997: result: yes
configure:4009: checking for SysV pseudo-terminals
configure:4042: gcc -o conftest    conftest.c  -lcurses >&5
configure: In function 'main':
configure:4047:18: warning: initialization makes pointer from integer without a cast [enabled by default]
configure:4045: $? = 0
configure:4048: test -s conftest
configure:4051: $? = 0
configure:4063: result: yes
configure:4180: checking for --version-script in GNU ld
configure:4195: result: yes
configure:4421: creating ./config.status

## ---------------------- ##
## Running config.status. ##
## ---------------------- ##

This file was extended by config.status, which was
generated by GNU Autoconf 2.57.  Invocation command line was

  CONFIG_FILES    = 
  CONFIG_HEADERS  = 
  CONFIG_LINKS    = 
  CONFIG_COMMANDS = 
  $ ./config.status 

on nodea.single.timedsdn.emulab.net

config.status:639: creating Makefile
config.status:639: creating man/libr/libtecla
config.status:639: creating man/func/cfc_file_start
config.status:639: creating man/func/cfc_literal_escapes
config.status:639: creating man/func/cfc_set_check_fn
config.status:639: creating man/func/cpl_add_completion
config.status:639: creating man/func/cpl_complete_word
config.status:639: creating man/func/cpl_file_completions
config.status:639: creating man/func/cpl_last_error
config.status:639: creating man/func/cpl_list_completions
config.status:639: creating man/func/cpl_recall_matches
config.status:639: creating man/func/cpl_record_error
config.status:639: creating man/func/del_CplFileConf
config.status:639: creating man/func/del_ExpandFile
config.status:639: creating man/func/del_GetLine
config.status:639: creating man/func/del_PathCache
config.status:639: creating man/func/del_PcaPathConf
config.status:639: creating man/func/del_WordCompletion
config.status:639: creating man/func/ef_expand_file
config.status:639: creating man/func/ef_last_error
config.status:639: creating man/func/ef_list_expansions
config.status:639: creating man/func/gl_abandon_line
config.status:639: creating man/func/gl_bind_keyseq
config.status:639: creating man/func/gl_catch_blocked
config.status:639: creating man/func/gl_change_terminal
config.status:639: creating man/func/gl_clear_history
config.status:639: creating man/func/gl_completion_action
config.status:639: creating man/func/gl_configure_getline
config.status:639: creating man/func/gl_customize_completion
config.status:639: creating man/func/gl_display_text
config.status:639: creating man/func/gl_echo_mode
config.status:639: creating man/func/gl_erase_terminal
config.status:639: creating man/func/gl_error_message
config.status:639: creating man/func/gl_get_line
config.status:639: creating man/func/gl_group_history
config.status:639: creating man/func/gl_handle_signal
config.status:639: creating man/func/gl_ignore_signal
config.status:639: creating man/func/gl_inactivity_timeout
config.status:639: creating man/func/gl_io_mode
config.status:639: creating man/func/gl_last_signal
config.status:639: creating man/func/gl_limit_history
config.status:639: creating man/func/gl_list_signals
config.status:639: creating man/func/gl_load_history
config.status:639: creating man/func/gl_lookup_history
config.status:639: creating man/func/gl_normal_io
config.status:639: creating man/func/gl_pending_io
config.status:639: creating man/func/gl_prompt_style
config.status:639: creating man/func/gl_query_char
config.status:639: creating man/func/gl_range_of_history
config.status:639: creating man/func/gl_raw_io
config.status:639: creating man/func/gl_read_char
config.status:639: creating man/func/gl_register_action
config.status:639: creating man/func/gl_resize_history
config.status:639: creating man/func/gl_return_status
config.status:639: creating man/func/gl_save_history
config.status:639: creating man/func/gl_set_term_size
config.status:639: creating man/func/gl_show_history
config.status:639: creating man/func/gl_size_of_history
config.status:639: creating man/func/gl_state_of_history
config.status:639: creating man/func/gl_terminal_size
config.status:639: creating man/func/gl_toggle_history
config.status:639: creating man/func/gl_trap_signal
config.status:639: creating man/func/gl_tty_signals
config.status:639: creating man/func/gl_watch_fd
config.status:639: creating man/func/libtecla_version
config.status:639: creating man/func/new_CplFileConf
config.status:639: creating man/func/new_ExpandFile
config.status:639: creating man/func/new_GetLine
config.status:639: creating man/func/new_PathCache
config.status:639: creating man/func/new_PcaPathConf
config.status:639: creating man/func/new_WordCompletion
config.status:639: creating man/func/pca_last_error
config.status:639: creating man/func/pca_lookup_file
config.status:639: creating man/func/pca_path_completions
config.status:639: creating man/func/pca_scan_path
config.status:639: creating man/func/pca_set_check_fn
config.status:639: creating man/func/ppc_file_start
config.status:639: creating man/func/ppc_literal_escapes
config.status:639: creating man/misc/tecla
config.status:639: creating man/prog/enhance
config.status:639: creating man/file/teclarc

## ---------------- ##
## Cache variables. ##
## ---------------- ##

ac_cv_build=x86_64-unknown-linux-gnu
ac_cv_build_alias=x86_64-unknown-linux-gnu
ac_cv_c_compiler_gnu=yes
ac_cv_env_CC_set=
ac_cv_env_CC_value=
ac_cv_env_CFLAGS_set=
ac_cv_env_CFLAGS_value=
ac_cv_env_CPPFLAGS_set=
ac_cv_env_CPPFLAGS_value=
ac_cv_env_CPP_set=
ac_cv_env_CPP_value=
ac_cv_env_LDFLAGS_set=
ac_cv_env_LDFLAGS_value=
ac_cv_env_build_alias_set=
ac_cv_env_build_alias_value=
ac_cv_env_host_alias_set=
ac_cv_env_host_alias_value=
ac_cv_env_target_alias_set=
ac_cv_env_target_alias_value=
ac_cv_exeext=
ac_cv_header_curses_h=yes
ac_cv_header_inttypes_h=yes
ac_cv_header_memory_h=yes
ac_cv_header_stdc=yes
ac_cv_header_stdint_h=yes
ac_cv_header_stdlib_h=yes
ac_cv_header_string_h=yes
ac_cv_header_strings_h=yes
ac_cv_header_sys_select_h=yes
ac_cv_header_sys_stat_h=yes
ac_cv_header_sys_types_h=yes
ac_cv_header_term_h=yes
ac_cv_header_unistd_h=yes
ac_cv_host=x86_64-unknown-linux-gnu
ac_cv_host_alias=x86_64-unknown-linux-gnu
ac_cv_lib_curses_tigetstr=yes
ac_cv_objext=o
ac_cv_prog_AWK=mawk
ac_cv_prog_CPP='gcc -E'
ac_cv_prog_ac_ct_CC=gcc
ac_cv_prog_ac_ct_LD=ld
ac_cv_prog_ac_ct_RANLIB=ranlib
ac_cv_prog_cc_g=yes
ac_cv_prog_cc_stdc=
ac_cv_prog_egrep='grep -E'
ac_cv_prog_make_make_set=yes
ac_cv_target=x86_64-unknown-linux-gnu
ac_cv_target_alias=x86_64-unknown-linux-gnu
tecla_cv_gnu_ld_script=yes
tecla_cv_reentrant=yes
tecla_cv_select=yes
tecla_cv_sysv_pty=yes

## ----------------- ##
## Output variables. ##
## ----------------- ##

AWK='mawk'
CC='gcc'
CFLAGS='-D_SVID_SOURCE -D_BSD_SOURCE '
CPP='gcc -E'
CPPFLAGS=''
DEFS='-DPACKAGE_NAME=\"\" -DPACKAGE_TARNAME=\"\" -DPACKAGE_VERSION=\"\" -DPACKAGE_STRING=\"\" -DPACKAGE_BUGREPORT=\"\" -DSTDC_HEADERS=1 -DHAVE_SYS_TYPES_H=1 -DHAVE_SYS_STAT_H=1 -DHAVE_STDLIB_H=1 -DHAVE_STRING_H=1 -DHAVE_MEMORY_H=1 -DHAVE_STRINGS_H=1 -DHAVE_INTTYPES_H=1 -DHAVE_STDINT_H=1 -DHAVE_UNISTD_H=1 -DUSE_TERMINFO=1 -DHAVE_CURSES_H=1 -DHAVE_TERM_H=1 -DHAVE_SYS_SELECT_H=1 -DHAVE_SELECT=1 -DHAVE_SYSV_PTY=1 '
DEFS_R='-D_POSIX_C_SOURCE=199506L -DPREFER_REENTRANT'
ECHO_C=''
ECHO_N='-n'
ECHO_T=''
EGREP='grep -E'
EXEEXT=''
FILE_MANDIR='man5'
FILE_MANEXT='5'
FUNC_MANDIR='man3'
FUNC_MANEXT='3'
LD='ld'
LDFLAGS=''
LIBOBJS=''
LIBR_MANDIR='man3'
LIBR_MANEXT='3'
LIBS=' -lcurses'
LINK_SHARED='ld -o $$@ -soname libtecla$$(SUFFIX).so.1 -shared --version-script=$$(srcdir)/libtecla.map $$(LIB_OBJECTS) $$(LIBS) -lc /usr/lib/gcc/x86_64-linux-gnu/4.6/libgcc.a'
LN_S='ln -s'
LTLIBOBJS=''
MAJOR_VER='1'
MAKE_MAN_PAGES='yes'
MICRO_VER='1'
MINOR_VER='6'
MISC_MANDIR='man7'
MISC_MANEXT='7'
OBJEXT='o'
PACKAGE_BUGREPORT=''
PACKAGE_NAME=''
PACKAGE_STRING=''
PACKAGE_TARNAME=''
PACKAGE_VERSION=''
PATH_SEPARATOR=':'
PROG_MANDIR='man1'
PROG_MANEXT='1'
RANLIB='ranlib'
SET_MAKE=''
SHARED_ALT='.so .so.1'
SHARED_CFLAGS='-fpic'
SHARED_EXT='.so.1.6.1'
SHELL='/bin/bash'
TARGETS='normal reentrant'
TARGET_LIBS='static shared'
ac_ct_CC='gcc'
ac_ct_LD='ld'
ac_ct_RANLIB='ranlib'
bindir='${exec_prefix}/bin'
build='x86_64-unknown-linux-gnu'
build_alias=''
build_cpu='x86_64'
build_os='linux-gnu'
build_vendor='unknown'
datadir='${prefix}/share'
exec_prefix='${prefix}'
host='x86_64-unknown-linux-gnu'
host_alias=''
host_cpu='x86_64'
host_os='linux-gnu'
host_vendor='unknown'
includedir='${prefix}/include'
infodir='${prefix}/info'
libdir='${exec_prefix}/lib'
libexecdir='${exec_prefix}/libexec'
localstatedir='${prefix}/var'
mandir='${prefix}/man'
oldincludedir='/usr/include'
prefix='/usr/local'
program_transform_name='s,x,x,'
sbindir='${exec_prefix}/sbin'
sharedstatedir='${prefix}/com'
sysconfdir='${prefix}/etc'
target='x86_64-unknown-linux-gnu'
target_alias=''
target_cpu='x86_64'
target_os='linux-gnu'
target_vendor='unknown'

## ----------- ##
## confdefs.h. ##
## ----------- ##

#define HAVE_CURSES_H 1
#define HAVE_INTTYPES_H 1
#define HAVE_MEMORY_H 1
#define HAVE_SELECT 1
#define HAVE_STDINT_H 1
#define HAVE_STDLIB_H 1
#define HAVE_STRINGS_H 1
#define HAVE_STRING_H 1
#define HAVE_SYSV_PTY 1
#define HAVE_SYS_SELECT_H 1
#define HAVE_SYS_STAT_H 1
#define HAVE_SYS_TYPES_H 1
#define HAVE_TERM_H 1
#define HAVE_UNISTD_H 1
#define PACKAGE_BUGREPORT ""
#define PACKAGE_NAME ""
#define PACKAGE_STRING ""
#define PACKAGE_TARNAME ""
#define PACKAGE_VERSION ""
#define STDC_HEADERS 1
#define USE_TERMINFO 1

configure: exit 0
